Vivado Simulator 2017.4
Copyright 1986-1999, 2001-2016 Xilinx, Inc. All Rights Reserved.
Running: E:/Vivado2017/Vivado/2017.4/bin/unwrapped/win64.o/xelab.exe -wto bd061512619448d9810a4ff3ff57cfb5 --incr --debug typical --relax --mt 2 -L blk_mem_gen_v8_4_1 -L xil_defaultlib -L unisims_ver -L unimacro_ver -L secureip -L xpm --snapshot tb_cpu_with_mem_behav xil_defaultlib.tb_cpu_with_mem xil_defaultlib.glbl -log elaborate.log 
Using 2 slave threads.
Starting static elaboration
WARNING: [VRFC 10-1783] select index 30 into current_contents is out of bounds [/wrk/2017.4/nightly/2017_12_15_2086221/packages/customer/vivado/data/ip/xilinx/blk_mem_gen_v8_4/simulation/blk_mem_gen_v8_4.v:2419]
WARNING: [VRFC 10-1783] select index 62 into current_contents is out of bounds [/wrk/2017.4/nightly/2017_12_15_2086221/packages/customer/vivado/data/ip/xilinx/blk_mem_gen_v8_4/simulation/blk_mem_gen_v8_4.v:2420]
Completed static elaboration
Starting simulation data flow analysis
Completed simulation data flow analysis
Time Resolution for simulation is 1ps
Compiling module xil_defaultlib.ila_0
Compiling module xil_defaultlib.pc
Compiling module xil_defaultlib.register
Compiling module xil_defaultlib.reg_group
Compiling module xil_defaultlib.alu_mux
Compiling module xil_defaultlib.alu
Compiling module xil_defaultlib.data_path
Compiling module xil_defaultlib.ir
Compiling module xil_defaultlib.state_transition
Compiling module xil_defaultlib.control_unit
Compiling module blk_mem_gen_v8_4_1.blk_mem_gen_v8_4_1_output_stage(...
Compiling module blk_mem_gen_v8_4_1.blk_mem_gen_v8_4_1_output_stage(...
Compiling module blk_mem_gen_v8_4_1.blk_mem_gen_v8_4_1_softecc_outpu...
Compiling module blk_mem_gen_v8_4_1.blk_mem_gen_v8_4_1_mem_module(C_...
Compiling module blk_mem_gen_v8_4_1.blk_mem_gen_v8_4_1(C_FAMILY="zyn...
Compiling module xil_defaultlib.blk_mem_gen_0
Compiling module xil_defaultlib.instruction_memory_module
Compiling module xil_defaultlib.reg_group_mux
Compiling module blk_mem_gen_v8_4_1.blk_mem_gen_v8_4_1_mem_module(C_...
Compiling module blk_mem_gen_v8_4_1.blk_mem_gen_v8_4_1(C_FAMILY="zyn...
Compiling module xil_defaultlib.blk_mem_gen_1
Compiling module xil_defaultlib.data_memory_module
Compiling module xil_defaultlib.cpu
Compiling module xil_defaultlib.tb_cpu_with_mem
Compiling module xil_defaultlib.glbl
Built simulation snapshot tb_cpu_with_mem_behav
